2024-07-13 16:16:02, Info                         Starting enumeration of PnP devices.
2024-07-13 16:16:02, Error                        CBootMgrLog::CreateInstance() failed. 0x00000002[gle=0x00000002]
2024-07-13 16:16:02, Info                         Finished enumeration of PnP devices.
2024-07-13 16:16:02, Error                        Failed to check OS architecture. 0x00000490[gle=0x00000002]
2024-07-13 16:16:02, Info                         [recenv.exe] Enter WinReIsWimBootEnabled
2024-07-13 16:16:02, Info                         [recenv.exe] Parameters: pszWinDir: C:\WINDOWS
2024-07-13 16:16:02, Info                         [recenv.exe] RegLoadKey $OFFLINE$SYSTEM failed. Error: 0x3.
2024-07-13 16:16:02, Info                         [recenv.exe] Exit WinReIsWimBootEnabled returns 0 with last error: 0x0
2024-07-13 16:16:02, Info                         [recenv.exe] Enter WinReGetConfig
2024-07-13 16:16:02, Info                         [recenv.exe] Parameters: configWinDir: NULL
2024-07-13 16:16:02, Info                         [recenv.exe] WinRE config file path: C:\WINDOWS\system32\Recovery\ReAgent.xml
2024-07-13 16:16:02, Warning                      [recenv.exe] read xml file (C:\WINDOWS\system32\Recovery\ReAgent.xml) failed: 0x3
2024-07-13 16:16:02, Warning                      [recenv.exe] ReAgentXMLParser::ParseConfigFile failed to read config xml file (0x3) in file base\diagnosis\srt\reagent2\reinfo\parser_2.0.cpp line 784
2024-07-13 16:16:02, Warning                      [recenv.exe] ReAgentXMLParser::ParseConfigFile (xml file: C:\WINDOWS\system32\Recovery\ReAgent.xml) returning 0x3
2024-07-13 16:16:02, Warning                      [recenv.exe] ReAgentConfig::ParseConfigFile  returned with 0x3 
2024-07-13 16:16:02, Warning                      [recenv.exe] ReAgentConfig::Init failed to init reagent xml parser (0x3) in file base\diagnosis\srt\reagent2\reinfo\parser_2.0.cpp line 1921
2024-07-13 16:16:02, Warning                      [recenv.exe] WinReGetConfigInternal failed to init agent config (0x3) in file base\diagnosis\srt\reagent2\reinfo\shared.cpp line 162
2024-07-13 16:16:02, Warning                      [recenv.exe] winre get config failed with error code 0x3
2024-07-13 16:16:02, Info                         [recenv.exe] Exit WinReGetConfig return value: 0, last error: 0x3
2024-07-13 16:16:02, Error                        WinReGetConfigEx failed. Error: 0x00000003[gle=0x00000003]
2024-07-13 16:16:02, Error                        CRecoveryToolAction->Init() failed. Error: 0x00000003[gle=0x00000003]
2024-07-13 16:16:02, Info                         [recenv.exe] Enter WinReGetConfig
2024-07-13 16:16:02, Info                         [recenv.exe] Parameters: configWinDir: NULL
2024-07-13 16:16:02, Info                         [recenv.exe] WinRE config file path: C:\WINDOWS\system32\Recovery\ReAgent.xml
2024-07-13 16:16:02, Warning                      [recenv.exe] read xml file (C:\WINDOWS\system32\Recovery\ReAgent.xml) failed: 0x3
2024-07-13 16:16:02, Warning                      [recenv.exe] ReAgentXMLParser::ParseConfigFile failed to read config xml file (0x3) in file base\diagnosis\srt\reagent2\reinfo\parser_2.0.cpp line 784
2024-07-13 16:16:02, Warning                      [recenv.exe] ReAgentXMLParser::ParseConfigFile (xml file: C:\WINDOWS\system32\Recovery\ReAgent.xml) returning 0x3
2024-07-13 16:16:02, Warning                      [recenv.exe] ReAgentConfig::ParseConfigFile  returned with 0x3 
2024-07-13 16:16:02, Warning                      [recenv.exe] ReAgentConfig::Init failed to init reagent xml parser (0x3) in file base\diagnosis\srt\reagent2\reinfo\parser_2.0.cpp line 1921
2024-07-13 16:16:02, Warning                      [recenv.exe] WinReGetConfigInternal failed to init agent config (0x3) in file base\diagnosis\srt\reagent2\reinfo\shared.cpp line 162
2024-07-13 16:16:02, Warning                      [recenv.exe] winre get config failed with error code 0x3
2024-07-13 16:16:02, Info                         [recenv.exe] Exit WinReGetConfig return value: 0, last error: 0x3
2024-07-13 16:16:02, Error                        WinReGetConfigEx failed. Error: 0x00000003[gle=0x00000003]
2024-07-13 16:16:02, Error                        CRecoveryToolAction->Init() failed. Error: 0x00000003[gle=0x00000003]
2024-07-13 16:16:02, Info                         [recenv.exe] Enter WinReGetConfig
2024-07-13 16:16:02, Info                         [recenv.exe] Parameters: configWinDir: NULL
2024-07-13 16:16:02, Info                         [recenv.exe]  Using recovery file at \\?\GLOBALROOT\Device\HarddiskVolume12\RECOVERY\WINDOWSRE\ReAgent.xml
2024-07-13 16:16:02, Info                         [recenv.exe] WinRE config file path: \\?\GLOBALROOT\Device\HarddiskVolume12\RECOVERY\WINDOWSRE\ReAgent.xml
2024-07-13 16:16:02, Info                         [recenv.exe] Update enhanced config info is enabled.
2024-07-13 16:16:02, Info                         [recenv.exe] ReAgentConfig::ReadBcdAndUpdateEnhancedConfigInfo (In WinPE) Using winre guid from the config file
2024-07-13 16:16:02, Info                         [recenv.exe] WinRE is installed
2024-07-13 16:16:02, Info                         [recenv.exe] WinRE is installed at: \\?\GLOBALROOT\device\harddisk1\partition5\Recovery\WindowsRE
2024-07-13 16:16:02, Info                         [recenv.exe] System is WimBoot: FALSE
2024-07-13 16:16:02, Info                         [recenv.exe] Exit WinReGetConfig return value: 1, last error: 0x0
2024-07-13 16:16:02, Info                         [recenv.exe] Enter WinReGetConfig
2024-07-13 16:16:02, Info                         [recenv.exe] Parameters: configWinDir: NULL
2024-07-13 16:16:02, Info                         [recenv.exe]  Using recovery file at \\?\GLOBALROOT\Device\HarddiskVolume12\RECOVERY\WINDOWSRE\ReAgent.xml
2024-07-13 16:16:02, Info                         [recenv.exe] WinRE config file path: \\?\GLOBALROOT\Device\HarddiskVolume12\RECOVERY\WINDOWSRE\ReAgent.xml
2024-07-13 16:16:02, Info                         [recenv.exe] Update enhanced config info is enabled.
2024-07-13 16:16:02, Info                         [recenv.exe] ReAgentConfig::ReadBcdAndUpdateEnhancedConfigInfo (In WinPE) Using winre guid from the config file
2024-07-13 16:16:02, Info                         [recenv.exe] WinRE is installed
2024-07-13 16:16:02, Info                         [recenv.exe] WinRE is installed at: \\?\GLOBALROOT\device\harddisk1\partition5\Recovery\WindowsRE
2024-07-13 16:16:02, Info                         [recenv.exe] System is WimBoot: FALSE
2024-07-13 16:16:02, Info                         [recenv.exe] Exit WinReGetConfig return value: 1, last error: 0x0
2024-07-13 16:16:02, Info                         Auto launch narrator not specified
2024-07-13 16:16:02, Info                         Custom boot app not specified
2024-07-13 16:16:03, Info                         [recenv.exe] Enter WinReGetConfig
2024-07-13 16:16:03, Info                         [recenv.exe] Parameters: configWinDir: NULL
2024-07-13 16:16:03, Info                         [recenv.exe]  Using recovery file at \\?\GLOBALROOT\Device\HarddiskVolume12\RECOVERY\WINDOWSRE\ReAgent.xml
2024-07-13 16:16:03, Info                         [recenv.exe] WinRE config file path: \\?\GLOBALROOT\Device\HarddiskVolume12\RECOVERY\WINDOWSRE\ReAgent.xml
2024-07-13 16:16:03, Info                         [recenv.exe] Update enhanced config info is enabled.
2024-07-13 16:16:03, Info                         [recenv.exe] ReAgentConfig::ReadBcdAndUpdateEnhancedConfigInfo (In WinPE) Using winre guid from the config file
2024-07-13 16:16:03, Info                         [recenv.exe] WinRE is installed
2024-07-13 16:16:03, Info                         [recenv.exe] WinRE is installed at: \\?\GLOBALROOT\device\harddisk1\partition5\Recovery\WindowsRE
2024-07-13 16:16:03, Info                         [recenv.exe] System is WimBoot: FALSE
2024-07-13 16:16:03, Info                         [recenv.exe] Exit WinReGetConfig return value: 1, last error: 0x0
2024-07-13 16:16:03, Info                         [recenv.exe] Enter WinReCreateLogInstanceEx
2024-07-13 16:16:03, Info                         [recenv.exe]  Using recovery file at \\?\GLOBALROOT\Device\HarddiskVolume12\RECOVERY\WINDOWSRE\ReAgent.xml
2024-07-13 16:16:03, Info                         [recenv.exe] Update enhanced config info is enabled.
2024-07-13 16:16:03, Info                         [recenv.exe] ReAgentConfig::ReadBcdAndUpdateEnhancedConfigInfo (In WinPE) Using winre guid from the config file
2024-07-13 16:16:03, Info                         [recenv.exe] WinRE is installed
2024-07-13 16:16:03, Info                         [recenv.exe] Exit WinReCreateLogInstanceEx returns error code 0x0
2024-07-13 16:16:03, Info                         [recenv.exe] Enter WinReGetConfig
2024-07-13 16:16:03, Info                         [recenv.exe] Parameters: configWinDir: NULL
2024-07-13 16:16:03, Info                         [recenv.exe]  Using recovery file at \\?\GLOBALROOT\Device\HarddiskVolume12\RECOVERY\WINDOWSRE\ReAgent.xml
2024-07-13 16:16:03, Info                         [recenv.exe] WinRE config file path: \\?\GLOBALROOT\Device\HarddiskVolume12\RECOVERY\WINDOWSRE\ReAgent.xml
2024-07-13 16:16:03, Info                         [recenv.exe] Update enhanced config info is enabled.
2024-07-13 16:16:03, Info                         [recenv.exe] ReAgentConfig::ReadBcdAndUpdateEnhancedConfigInfo (In WinPE) Using winre guid from the config file
2024-07-13 16:16:03, Info                         [recenv.exe] WinRE is installed
2024-07-13 16:16:03, Info                         [recenv.exe] WinRE is installed at: \\?\GLOBALROOT\device\harddisk0\partition5\Recovery\WindowsRE
2024-07-13 16:16:03, Info                         [recenv.exe] System is WimBoot: FALSE
2024-07-13 16:16:03, Info                         [recenv.exe] Exit WinReGetConfig return value: 1, last error: 0x0
2024-07-13 16:16:03, Info                         Offline scanning application not configured
2024-07-13 16:16:03, Error                        Invalid path specified
2024-07-13 16:16:03, Info                         Copying logs from [X:\windows\Logs\RecEnv] to [C:\WINDOWS\Logs\RecEnv_Ramdisk]
2024-07-13 16:16:03, Info                         Entering RjvBareMetalResetAvailable
2024-07-13 16:16:03, Info                         Entering RjvPIsMediaBoot
2024-07-13 16:16:03, Info                         Launch type is SystemDisk
2024-07-13 16:16:03, Info                         RjvPIsMediaBoot returning FALSE
2024-07-13 16:16:03, Info                         RjvBareMetalResetAvailable returning FALSE

2024-07-13 16:16:07, Info                         [recenv.exe] Enter WinReRestoreLogFiles
2024-07-13 16:16:07, Info                         [recenv.exe]  Using recovery file at \\?\GLOBALROOT\Device\HarddiskVolume12\RECOVERY\WINDOWSRE\ReAgent.xml
2024-07-13 16:16:07, Info                         [recenv.exe] Update enhanced config info is enabled.
2024-07-13 16:16:07, Info                         [recenv.exe] ReAgentConfig::ReadBcdAndUpdateEnhancedConfigInfo (In WinPE) Using winre guid from the config file
2024-07-13 16:16:07, Info                         [recenv.exe] WinRE is installed
2024-07-13 16:16:07, Info                         [recenv.exe] Enter WinReSetTriggerFile
2024-07-13 16:16:07, Info                         [recenv.exe] Parameters: DirName: \\?\GLOBALROOT\device\harddisk1\partition5\Recovery\Logs, fDelete: 0
2024-07-13 16:16:07, Info                         [recenv.exe] Exit WinReSetTriggerFile return error code: 0x0
2024-07-13 16:16:07, Info                         [recenv.exe] Exit WinReRestoreLogFiles returns 1 with last error: 0x0
2024-07-13 16:16:07, Info                         Copying logs from [X:\windows\Logs\RecEnv] to [C:\WINDOWS\Logs\RecEnv_Ramdisk]
